<?xml version="1.0" encoding="UTF-8"?>
<!-- Generated by org.testng.reporters.JUnitReportReporter -->
<testsuite skipped="0" hostname="LAPTOP-RRO4KGR3" name="com.w2a.testcases.LoginTest" tests="2" failures="0" timestamp="08 Jul 2021 11:38:22 GMT" time="9.313" errors="0">
  <testcase name="loginasBankManahger" time="9.112" classname="com.w2a.testcases.LoginTest"/>
  <testcase name="loginasnewbankmanaer" time="0.201" classname="com.w2a.testcases.LoginTest"/>
</testsuite> <!-- com.w2a.testcases.LoginTest -->
