<?xml version="1.0" encoding="UTF-8"?>
<!-- Generated by org.testng.reporters.JUnitReportReporter -->
<testsuite skipped="0" hostname="LAPTOP-RRO4KGR3" name="com.w2a.testcases.AddCustomerTest" tests="1" failures="0" timestamp="02 Jul 2021 05:43:03 GMT" time="14.530" errors="0">
  <testcase name="addCustomerTest" time="14.530" classname="com.w2a.testcases.AddCustomerTest"/>
</testsuite> <!-- com.w2a.testcases.AddCustomerTest -->
